#
# A fatal error has been detected by the Java Runtime Environment:
#
#  EXCEPTION_ACCESS_VIOLATION (0xc0000005) at pc=0x000000006d15efc0, pid=68516, tid=0x000000000001476c
#
# JRE version: Java(TM) SE Runtime Environment (8.0_92-b14) (build 1.8.0_92-b14)
# Java VM: Java HotSpot(TM) 64-Bit Server VM (25.92-b14 mixed mode windows-amd64 compressed oops)
# Problematic frame:
# V  [jvm.dll+0xaefc0]
#
# Failed to write core dump. Minidumps are not enabled by default on client versions of Windows
#
# If you would like to submit a bug report, please visit:
#   http://bugreport.java.com/bugreport/crash.jsp
#

---------------  T H R E A D  ---------------

Current thread (0x0000000002e4e800):  GCTaskThread [stack: 0x0000000012db0000,0x0000000012eb0000] [id=83820]

siginfo: ExceptionCode=0xc0000005, reading address 0x000000010041c2d0

Registers:
RAX=0x0000000000000001, RBX=0x00000000d7f9d548, RCX=0x00000000d7f9d548, RDX=0x000000010041c2c8
RSP=0x0000000012eaf808, RBP=0x0000000000000000, RSI=0x0000000002f2c780, RDI=0x000003980000021d
R8 =0x0000000002f2c780, R9 =0x00000000d7f9d548, R10=0x000000000000000c, R11=0x000000000000000c
R12=0x000000006d6ff468, R13=0x0000000000000001, R14=0x0000000000000000, R15=0x0000000002e4efb0
RIP=0x000000006d15efc0, EFLAGS=0x0000000000010202

Top of Stack: (sp=0x0000000012eaf808)
0x0000000012eaf808:   000000006d4ad0d2 00000000d7f9d488
0x0000000012eaf818:   0000000002f2c780 0000000002f2c780
0x0000000012eaf828:   000000006d19b990 0000000002e4c6d0
0x0000000012eaf838:   00000000df8220c8 0000000000000048
0x0000000012eaf848:   00007ff800000001 0000000000000000
0x0000000012eaf858:   0000000002e4c601 000000006d6ff468
0x0000000012eaf868:   000000006d4ad440 00000000df8223cc
0x0000000012eaf878:   0000000000000000 0000000002f2c780
0x0000000012eaf888:   000003980000021d 00000000df8223cc
0x0000000012eaf898:   000000006d4ade15 0000000000000001
0x0000000012eaf8a8:   000000006d6ff468 00000000df8220c8
0x0000000012eaf8b8:   000000006d4ad351 000003980000021d
0x0000000012eaf8c8:   0000000000000005 0000000002f2c780
0x0000000012eaf8d8:   000003980000021d 0000000002e4da00
0x0000000012eaf8e8:   000003970000021d 00000356000001de
0x0000000012eaf8f8:   00000a8f000001d5 0000000002e4efa0 

Instructions: (pc=0x000000006d15efc0)
0x000000006d15efa0:   8c b0 1d 00 48 8b 9c 24 d0 00 00 00 48 81 c4 c0
0x000000006d15efb0:   00 00 00 5d c3 cc cc cc cc cc cc cc cc cc cc cc
0x000000006d15efc0:   44 8b 42 08 4c 8b ca 45 85 c0 7e 0e 41 f6 c0 01
0x000000006d15efd0:   75 57 41 c1 f8 03 41 8b c0 c3 79 4d 80 3d ce 81 


Register to memory mapping:

RAX=0x0000000000000001 is an unknown value
RBX=0x00000000d7f9d548 is an oop

[error occurred during error reporting (printing register info), id 0xc0000005]

Stack: [0x0000000012db0000,0x0000000012eb0000],  sp=0x0000000012eaf808,  free space=1022k
Native frames: (J=compiled Java code, j=interpreted, Vv=VM code, C=native code)


---------------  P R O C E S S  ---------------

Java Threads: ( => current thread )
  0x000000001a018800 JavaThread "Service Thread" daemon [_thread_blocked, id=9912, stack(0x000000001c650000,0x000000001c750000)]
  0x0000000019f95800 JavaThread "C1 CompilerThread11" daemon [_thread_blocked, id=83052, stack(0x000000001c550000,0x000000001c650000)]
  0x0000000019f99800 JavaThread "C1 CompilerThread10" daemon [_thread_blocked, id=38640, stack(0x000000001c450000,0x000000001c550000)]
  0x0000000019f98800 JavaThread "C1 CompilerThread9" daemon [_thread_blocked, id=13804, stack(0x000000001c350000,0x000000001c450000)]
  0x0000000019f95000 JavaThread "C1 CompilerThread8" daemon [_thread_blocked, id=82852, stack(0x000000001c250000,0x000000001c350000)]
  0x0000000019f98000 JavaThread "C2 CompilerThread7" daemon [_thread_blocked, id=74912, stack(0x000000001c150000,0x000000001c250000)]
  0x0000000019f88000 JavaThread "C2 CompilerThread6" daemon [_thread_in_native, id=84444, stack(0x000000001c050000,0x000000001c150000)]
  0x0000000019f7b800 JavaThread "C2 CompilerThread5" daemon [_thread_blocked, id=86936, stack(0x000000001bf50000,0x000000001c050000)]
  0x0000000019f76800 JavaThread "C2 CompilerThread4" daemon [_thread_blocked, id=19088, stack(0x000000001be50000,0x000000001bf50000)]
  0x0000000019f72800 JavaThread "C2 CompilerThread3" daemon [_thread_blocked, id=8408, stack(0x000000001bd50000,0x000000001be50000)]
  0x0000000019f70000 JavaThread "C2 CompilerThread2" daemon [_thread_blocked, id=63888, stack(0x000000001bc50000,0x000000001bd50000)]
  0x0000000019f6f000 JavaThread "C2 CompilerThread1" daemon [_thread_blocked, id=63088, stack(0x000000001bb50000,0x000000001bc50000)]
  0x0000000019f15000 JavaThread "C2 CompilerThread0" daemon [_thread_blocked, id=34276, stack(0x000000001ba50000,0x000000001bb50000)]
  0x0000000019f6d800 JavaThread "Attach Listener" daemon [_thread_blocked, id=78824, stack(0x000000001b950000,0x000000001ba50000)]
  0x0000000019f6b000 JavaThread "Signal Dispatcher" daemon [_thread_blocked, id=85076, stack(0x000000001b850000,0x000000001b950000)]
  0x0000000019ef6800 JavaThread "Finalizer" daemon [_thread_blocked, id=84120, stack(0x000000001b750000,0x000000001b850000)]
  0x0000000018499800 JavaThread "Reference Handler" daemon [_thread_blocked, id=36616, stack(0x000000001b650000,0x000000001b750000)]
  0x0000000002e31000 JavaThread "main" [_thread_blocked, id=38516, stack(0x0000000002c50000,0x0000000002d50000)]

Other Threads:
  0x0000000019ed2000 VMThread [stack: 0x000000001b550000,0x000000001b650000] [id=21004]
  0x000000001a0b7000 WatcherThread [stack: 0x000000001c750000,0x000000001c850000] [id=15008]

=>0x0000000002e4e800 (exited) GCTaskThread [stack: 0x0000000012db0000,0x0000000012eb0000] [id=83820]

VM state:at safepoint (normal execution)

VM Mutex/Monitor currently owned by a thread:  ([mutex/lock_event])
[0x0000000002e2c7a0] Threads_lock - owner thread: 0x0000000019ed2000
[0x0000000002e2d4b0] Heap_lock - owner thread: 0x0000000002e31000

Heap:
 PSYoungGen      total 152576K, used 150506K [0x00000000d5580000, 0x00000000dff80000, 0x0000000100000000)
  eden space 131072K, 100% used [0x00000000d5580000,0x00000000dd580000,0x00000000dd580000)
  from space 21504K, 90% used [0x00000000dd580000,0x00000000de87abc0,0x00000000dea80000)
  to   space 21504K, 86% used [0x00000000dea80000,0x00000000dfcae030,0x00000000dff80000)
 ParOldGen       total 348160K, used 40K [0x0000000080000000, 0x0000000095400000, 0x00000000d5580000)
  object space 348160K, 0% used [0x0000000080000000,0x000000008000a000,0x0000000095400000)
 Metaspace       used 18204K, capacity 18758K, committed 18944K, reserved 1067008K
  class space    used 2054K, capacity 2196K, committed 2304K, reserved 1048576K

Card table byte_map: [0x00000000122f0000,0x0000000012700000] byte_map_base: 0x0000000011ef0000

Marking Bits: (ParMarkBitMap*) 0x000000006d8c64f0
 Begin Bits: [0x00000000136b0000, 0x00000000156b0000)
 End Bits:   [0x00000000156b0000, 0x00000000176b0000)

Polling page: 0x0000000000f60000

CodeCache: size=245760Kb used=15560Kb max_used=15560Kb free=230199Kb
 bounds [0x0000000002f30000, 0x0000000003e80000, 0x0000000011f30000]
 total_blobs=4264 nmethods=3880 adapters=292
 compilation: enabled

Compilation events (10 events):
Event: 1.960 Thread 0x0000000019f70000 nmethod 3866 0x0000000003e60750 code [0x0000000003e60900, 0x0000000003e61838]
Event: 1.960 Thread 0x0000000019f95800 3883       3       java.lang.Class::searchMethods (90 bytes)
Event: 1.961 Thread 0x0000000019f95800 nmethod 3883 0x0000000003e5eed0 code [0x0000000003e5f120, 0x0000000003e60078]
Event: 1.965 Thread 0x0000000019f76800 nmethod 3870 0x0000000003e64fd0 code [0x0000000003e651a0, 0x0000000003e66728]
Event: 1.965 Thread 0x0000000019f95000 3884       3       java.lang.CharacterData00::getProperties (32 bytes)
Event: 1.965 Thread 0x0000000019f95000 nmethod 3884 0x0000000003e5e990 code [0x0000000003e5eb00, 0x0000000003e5ecf0]
Event: 1.965 Thread 0x0000000019f99800 3885       3       org.apache.maven.cli.logging.Slf4jLogger::isDebugEnabled (10 bytes)
Event: 1.965 Thread 0x0000000019f99800 nmethod 3885 0x0000000003e5e550 code [0x0000000003e5e6c0, 0x0000000003e5e8e8]
Event: 1.969 Thread 0x0000000019f15000 3886   !   4       org.apache.maven.model.Developer::clone (51 bytes)
Event: 1.969 Thread 0x0000000019f76800 3887   !   4       org.apache.maven.model.PluginContainer::clone (137 bytes)

GC Heap History (3 events):
Event: 1.152 GC heap before
{Heap before GC invocations=1 (full 0):
 PSYoungGen      total 152576K, used 131072K [0x00000000d5580000, 0x00000000dff80000, 0x0000000100000000)
  eden space 131072K, 100% used [0x00000000d5580000,0x00000000dd580000,0x00000000dd580000)
  from space 21504K, 0% used [0x00000000dea80000,0x00000000dea80000,0x00000000dff80000)
  to   space 21504K, 0% used [0x00000000dd580000,0x00000000dd580000,0x00000000dea80000)
 ParOldGen       total 348160K, used 0K [0x0000000080000000, 0x0000000095400000, 0x00000000d5580000)
  object space 348160K, 0% used [0x0000000080000000,0x0000000080000000,0x0000000095400000)
 Metaspace       used 15987K, capacity 16290K, committed 16640K, reserved 1064960K
  class space    used 1898K, capacity 1978K, committed 2048K, reserved 1048576K
Event: 1.161 GC heap after
Heap after GC invocations=1 (full 0):
 PSYoungGen      total 152576K, used 19434K [0x00000000d5580000, 0x00000000dff80000, 0x0000000100000000)
  eden space 131072K, 0% used [0x00000000d5580000,0x00000000d5580000,0x00000000dd580000)
  from space 21504K, 90% used [0x00000000dd580000,0x00000000de87abc0,0x00000000dea80000)
  to   space 21504K, 0% used [0x00000000dea80000,0x00000000dea80000,0x00000000dff80000)
 ParOldGen       total 348160K, used 24K [0x0000000080000000, 0x0000000095400000, 0x00000000d5580000)
  object space 348160K, 0% used [0x0000000080000000,0x0000000080006000,0x0000000095400000)
 Metaspace       used 15987K, capacity 16290K, committed 16640K, reserved 1064960K
  class space    used 1898K, capacity 1978K, committed 2048K, reserved 1048576K
}
Event: 1.970 GC heap before
{Heap before GC invocations=2 (full 0):
 PSYoungGen      total 152576K, used 150506K [0x00000000d5580000, 0x00000000dff80000, 0x0000000100000000)
  eden space 131072K, 100% used [0x00000000d5580000,0x00000000dd580000,0x00000000dd580000)
  from space 21504K, 90% used [0x00000000dd580000,0x00000000de87abc0,0x00000000dea80000)
  to   space 21504K, 0% used [0x00000000dea80000,0x00000000dea80000,0x00000000dff80000)
 ParOldGen       total 348160K, used 24K [0x0000000080000000, 0x0000000095400000, 0x00000000d5580000)
  object space 348160K, 0% used [0x0000000080000000,0x0000000080006000,0x0000000095400000)
 Metaspace       used 18204K, capacity 18758K, committed 18944K, reserved 1067008K
  class space    used 2054K, capacity 2196K, committed 2304K, reserved 1048576K

Deoptimization events (10 events):
Event: 1.905 Thread 0x0000000002e31000 Uncommon trap: reason=array_check action=maybe_recompile pc=0x0000000003d344d0 method=java.util.TimSort.binarySort([Ljava/lang/Object;IIILjava/util/Comparator;)V @ 215
Event: 1.905 Thread 0x0000000002e31000 Uncommon trap: reason=array_check action=maybe_recompile pc=0x0000000003d3465c method=java.util.TimSort.binarySort([Ljava/lang/Object;IIILjava/util/Comparator;)V @ 183
Event: 1.918 Thread 0x0000000002e31000 Uncommon trap: reason=array_check action=maybe_recompile pc=0x0000000003e167fc method=java.util.TimSort.binarySort([Ljava/lang/Object;IIILjava/util/Comparator;)V @ 193
Event: 1.918 Thread 0x0000000002e31000 Uncommon trap: reason=array_check action=maybe_recompile pc=0x0000000003e167fc method=java.util.TimSort.binarySort([Ljava/lang/Object;IIILjava/util/Comparator;)V @ 193
Event: 1.935 Thread 0x0000000002e31000 Uncommon trap: reason=class_check action=maybe_recompile pc=0x0000000003cd8678 method=org.eclipse.sisu.wire.EntryListAdapter$ValueIterator.next()Ljava/lang/Object; @ 4
Event: 1.954 Thread 0x0000000002e31000 Uncommon trap: reason=unstable_if action=reinterpret pc=0x00000000037d8a64 method=sun.nio.cs.UTF_8$Encoder.encodeArrayLoop(Ljava/nio/CharBuffer;Ljava/nio/ByteBuffer;)Ljava/nio/charset/CoderResult; @ 87
Event: 1.954 Thread 0x0000000002e31000 Uncommon trap: reason=class_check action=maybe_recompile pc=0x00000000037e41ac method=sun.nio.cs.StreamEncoder.writeBytes()V @ 120
Event: 1.955 Thread 0x0000000002e31000 Uncommon trap: reason=class_check action=maybe_recompile pc=0x0000000003cd8678 method=org.eclipse.sisu.wire.EntryListAdapter$ValueIterator.next()Ljava/lang/Object; @ 4
Event: 1.956 Thread 0x0000000002e31000 Uncommon trap: reason=unstable_if action=reinterpret pc=0x0000000003490114 method=java.util.concurrent.ConcurrentHashMap.putVal(Ljava/lang/Object;Ljava/lang/Object;Z)Ljava/lang/Object; @ 206
Event: 1.966 Thread 0x0000000002e31000 Uncommon trap: reason=class_check action=maybe_recompile pc=0x00000000037e41ac method=sun.nio.cs.StreamEncoder.writeBytes()V @ 120

Internal exceptions (10 events):
Event: 0.875 Thread 0x0000000002e31000 Exception <a 'java/lang/NullPointerException'> (0x00000000dacc7b10) thrown at [D:\re\workspace\8-2-build-windows-amd64-cygwin\jdk8u92\6642\hotspot\src\share\vm\interpreter\linkResolver.cpp, line 1178]
Event: 0.875 Thread 0x0000000002e31000 Exception <a 'java/lang/NullPointerException'> (0x00000000dacc7d28) thrown at [D:\re\workspace\8-2-build-windows-amd64-cygwin\jdk8u92\6642\hotspot\src\share\vm\interpreter\linkResolver.cpp, line 1178]
Event: 0.875 Thread 0x0000000002e31000 Exception <a 'java/lang/NullPointerException'> (0x00000000dacc7f40) thrown at [D:\re\workspace\8-2-build-windows-amd64-cygwin\jdk8u92\6642\hotspot\src\share\vm\interpreter\linkResolver.cpp, line 1178]
Event: 0.889 Thread 0x0000000002e31000 Implicit null exception at 0x0000000003324456 to 0x0000000003324789
Event: 0.890 Thread 0x0000000002e31000 Implicit null exception at 0x00000000032e5dd6 to 0x00000000032e60f5
Event: 0.942 Thread 0x0000000002e31000 Implicit null exception at 0x0000000003750037 to 0x000000000375027d
Event: 1.029 Thread 0x0000000002e31000 Implicit null exception at 0x000000000383d3f7 to 0x000000000383d63d
Event: 1.171 Thread 0x0000000002e31000 Implicit null exception at 0x000000000392ff60 to 0x00000000039304e9
Event: 1.491 Thread 0x0000000002e31000 Implicit null exception at 0x00000000034b4455 to 0x00000000034b462d
Event: 1.753 Thread 0x0000000002e31000 Implicit null exception at 0x0000000003ba78fd to 0x0000000003ba7d01

Events (10 events):
Event: 1.956 loading class org/apache/maven/plugins/resources/Delimiter
Event: 1.956 loading class org/apache/maven/plugins/resources/Delimiter done
Event: 1.956 loading class org/apache/maven/plugins/resources/Delimiter
Event: 1.956 loading class org/apache/maven/plugins/resources/Delimiter done
Event: 1.960 loading class sun/misc/FloatingDecimal$ASCIIToBinaryBuffer
Event: 1.960 loading class sun/misc/FloatingDecimal$ASCIIToBinaryBuffer done
Event: 1.966 Thread 0x0000000002e31000 Uncommon trap: trap_request=0xffffffde fr.pc=0x00000000037e41ac
Event: 1.966 Thread 0x0000000002e31000 DEOPT PACKING pc=0x00000000037e41ac sp=0x0000000002d4e150
Event: 1.966 Thread 0x0000000002e31000 DEOPT UNPACKING pc=0x0000000002f7582a sp=0x0000000002d4e128 mode 2
Event: 1.969 Executing VM operation: ParallelGCFailedAllocation


Dynamic libraries:
0x00007ff6322b0000 - 0x00007ff6322e7000 	D:\Program Files\Java\jdk1.8.0_92\bin\java.exe
0x00007ff8b6f90000 - 0x00007ff8b71a7000 	C:\WINDOWS\SYSTEM32\ntdll.dll
0x00007ff8b4cc0000 - 0x00007ff8b4d84000 	C:\WINDOWS\System32\KERNEL32.DLL
0x00007ff8b4740000 - 0x00007ff8b4aed000 	C:\WINDOWS\System32\KERNELBASE.dll
0x00007ff8b58e0000 - 0x00007ff8b5992000 	C:\WINDOWS\System32\ADVAPI32.dll
0x00007ff8b50e0000 - 0x00007ff8b5187000 	C:\WINDOWS\System32\msvcrt.dll
0x00007ff8b6690000 - 0x00007ff8b6739000 	C:\WINDOWS\System32\sechost.dll
0x00007ff8b43e0000 - 0x00007ff8b4408000 	C:\WINDOWS\System32\bcrypt.dll
0x00007ff8b4de0000 - 0x00007ff8b4ef4000 	C:\WINDOWS\System32\RPCRT4.dll
0x00007ff8b5630000 - 0x00007ff8b57de000 	C:\WINDOWS\System32\USER32.dll
0x00007ff8b4af0000 - 0x00007ff8b4b16000 	C:\WINDOWS\System32\win32u.dll
0x00007ff8b67c0000 - 0x00007ff8b67e9000 	C:\WINDOWS\System32\GDI32.dll
0x00007ff8b4b20000 - 0x00007ff8b4c39000 	C:\WINDOWS\System32\gdi32full.dll
0x00007ff8b46a0000 - 0x00007ff8b473a000 	C:\WINDOWS\System32\msvcp_win.dll
0x00007ff8b4580000 - 0x00007ff8b4691000 	C:\WINDOWS\System32\ucrtbase.dll
0x00007ff89fae0000 - 0x00007ff89fd73000 	C:\WINDOWS\WinSxS\amd64_microsoft.windows.common-controls_6595b64144ccf1df_6.0.22621.3672_none_2713b9d173822955\COMCTL32.dll
0x00007ff8b50a0000 - 0x00007ff8b50d1000 	C:\WINDOWS\System32\IMM32.DLL
0x000000006d950000 - 0x000000006da22000 	D:\Program Files\Java\jdk1.8.0_92\jre\bin\msvcr100.dll
0x000000006d0b0000 - 0x000000006d946000 	D:\Program Files\Java\jdk1.8.0_92\jre\bin\server\jvm.dll
0x00007ff8b6b80000 - 0x00007ff8b6b88000 	C:\WINDOWS\System32\PSAPI.DLL
0x00007ff8a2640000 - 0x00007ff8a2649000 	C:\WINDOWS\SYSTEM32\WSOCK32.dll
0x00007ff8ada10000 - 0x00007ff8ada1a000 	C:\WINDOWS\SYSTEM32\VERSION.dll
0x00007ff8ab830000 - 0x00007ff8ab864000 	C:\WINDOWS\SYSTEM32\WINMM.dll
0x00007ff8b6cf0000 - 0x00007ff8b6d61000 	C:\WINDOWS\System32\WS2_32.dll
0x000000006d0a0000 - 0x000000006d0af000 	D:\Program Files\Java\jdk1.8.0_92\jre\bin\verify.dll
0x000000006d070000 - 0x000000006d099000 	D:\Program Files\Java\jdk1.8.0_92\jre\bin\java.dll
0x000000006d020000 - 0x000000006d036000 	D:\Program Files\Java\jdk1.8.0_92\jre\bin\zip.dll
0x00007ff8b5e20000 - 0x00007ff8b6687000 	C:\WINDOWS\System32\SHELL32.dll
0x00007ff8b21e0000 - 0x00007ff8b2adf000 	C:\WINDOWS\SYSTEM32\windows.storage.dll
0x00007ff8b67f0000 - 0x00007ff8b6b7e000 	C:\WINDOWS\System32\combase.dll
0x00007ff8b20a0000 - 0x00007ff8b21df000 	C:\WINDOWS\SYSTEM32\wintypes.dll
0x00007ff8b5530000 - 0x00007ff8b5629000 	C:\WINDOWS\System32\SHCORE.dll
0x00007ff8b5040000 - 0x00007ff8b509e000 	C:\WINDOWS\System32\shlwapi.dll
0x00007ff8b41e0000 - 0x00007ff8b4207000 	C:\WINDOWS\SYSTEM32\profapi.dll
0x00007ff8b3a70000 - 0x00007ff8b3a8b000 	C:\WINDOWS\SYSTEM32\CRYPTSP.dll
0x00007ff8b3220000 - 0x00007ff8b3255000 	C:\WINDOWS\system32\rsaenh.dll
0x00007ff8b37c0000 - 0x00007ff8b37e8000 	C:\WINDOWS\SYSTEM32\USERENV.dll
0x00007ff8b4c40000 - 0x00007ff8b4cbb000 	C:\WINDOWS\System32\bcryptprimitives.dll
0x00007ff8b3a50000 - 0x00007ff8b3a5c000 	C:\WINDOWS\SYSTEM32\CRYPTBASE.dll
0x000000006cfd0000 - 0x000000006cfea000 	D:\Program Files\Java\jdk1.8.0_92\jre\bin\net.dll
0x00007ff8b3720000 - 0x00007ff8b3789000 	C:\WINDOWS\system32\mswsock.dll
0x00007ff8b2d30000 - 0x00007ff8b2d5d000 	C:\WINDOWS\SYSTEM32\IPHLPAPI.DLL
0x00007ff8b57e0000 - 0x00007ff8b57e9000 	C:\WINDOWS\System32\NSI.dll
0x00007ff8af7d0000 - 0x00007ff8af7e9000 	C:\WINDOWS\SYSTEM32\dhcpcsvc6.DLL
0x00007ff8af7b0000 - 0x00007ff8af7cf000 	C:\WINDOWS\SYSTEM32\dhcpcsvc.DLL
0x00007ff8b2d60000 - 0x00007ff8b2e58000 	C:\WINDOWS\SYSTEM32\DNSAPI.dll
0x000000006cfb0000 - 0x000000006cfc1000 	D:\Program Files\Java\jdk1.8.0_92\jre\bin\nio.dll
0x00007ff890810000 - 0x00007ff89081a000 	C:\Users\12152\AppData\Local\Temp\jansi-1.17.1-7884897686331724257.dll
0x00007ff890800000 - 0x00007ff89080a000 	C:\Users\12152\AppData\Local\Temp\jansi-1.17.1-3321424383672114568.dll
0x00007ff8b1ac0000 - 0x00007ff8b1cf2000 	C:\WINDOWS\SYSTEM32\dbghelp.dll
0x00007ff8b5440000 - 0x00007ff8b5517000 	C:\WINDOWS\System32\OLEAUT32.dll

VM Arguments:
jvm_args: -Dmaven.multiModuleProjectDirectory=E:\极客时间\geektime-spring-family\Chapter 10\tomcat-demo -Xmx2g -Dmaven.home=D:\JAVA\apache-maven-3.6.3 -Dclassworlds.conf=D:\JAVA\apache-maven-3.6.3\bin\m2.conf -Dmaven.ext.class.path=D:\JAVA\ideaIU_2021.2.3_64bit_Portable\plugins\maven\lib\maven-event-listener.jar -Dfile.encoding=UTF-8 
java_command: org.codehaus.classworlds.Launcher -Didea.version=2021.2.3 -s D:\JAVA\apache-maven-3.6.3\conf\settings.xml -Dmaven.repo.local=D:\JAVA\apache-maven-3.6.3\local_repo -DskipTests=true install
java_class_path (initial): D:\JAVA\apache-maven-3.6.3\boot\plexus-classworlds-2.6.0.jar;D:\JAVA\apache-maven-3.6.3\boot\plexus-classworlds.license
Launcher Type: SUN_STANDARD

Environment Variables:
JAVA_HOME=D:\JAVA\JDK\jdk-17.0.2
PATH=C:\Program Files\Common Files\Oracle\Java\javapath;C:\ProgramData\Oracle\Java\javapath;C:\WINDOWS\system32;C:\WINDOWS;C:\WINDOWS\System32\Wbem;C:\WINDOWS\System32\WindowsPowerShell\v1.0\;C:\WINDOWS\System32\OpenSSH\;D:\Program\nvm;C:\Program Files\nodejs;C:\Program Files\Docker\Docker\resources\bin;D:\Program Files\Git\cmd;C:\Users\12152\AppData\Local\Microsoft\WindowsApps;D:\Programs\Microsoft VS Code\bin;D:\Program\nvm;C:\Program Files\nodejs;D:\Program Files\JetBrains\IntelliJ IDEA 2023.3.3\bin;;D:\JAVA\apache-maven-3.6.3\bin;D:\JAVA\ideaIU_2021.2.3_64bit_Portable\bin;D:\JAVA\apache-tomcat-8.5.75\bin;D:\curl-8.8.0_3-win64-mingw\bin;C:\msys64\mingw64\bin;
USERNAME=DT
OS=Windows_NT
PROCESSOR_IDENTIFIER=AMD64 Family 25 Model 33 Stepping 0, AuthenticAMD



---------------  S Y S T E M  ---------------

OS: Windows 10.0 , 64 bit Build 22621 (10.0.22621.3958)

CPU:total 16 (16 cores per cpu, 1 threads per core) family 25 model 33 stepping 0, cmov, cx8, fxsr, mmx, sse, sse2, sse3, ssse3, sse4.1, sse4.2, popcnt, avx, avx2, aes, clmul, erms, mmxext, 3dnowpref, lzcnt, sse4a, tsc, tscinvbit, tscinv, bmi1

Memory: 4k page, physical 33411544k(15500588k free), swap 36015004k(11185268k free)

vm_info: Java HotSpot(TM) 64-Bit Server VM (25.92-b14) for windows-amd64 JRE (1.8.0_92-b14), built on Mar 31 2016 21:03:04 by "java_re" with MS VC++ 10.0 (VS2010)

time: Tue Sep 17 23:41:52 2024
elapsed time: 2 seconds (0d 0h 0m 2s)

